[ 2020-01-27T19:39:16+08:00 ] [ sql ] [ DB ] CONNECT:[ UseTime:0.000623s ] mysql:dbname=yxadult;host=localhost;port=3306;charset=utf8
[ sql ] [ SQL ] SHOW COLUMNS FROM `store` [ RunTime:0.001162s ]
[ sql ] [ SQL ] SELECT * FROM `store` WHERE  `store`.`delete_time` IS NULL  AND `id` = 56 LIMIT 1 [ RunTime:0.000540s ]

---------------------------------------------------------------
[ 2020-01-27T19:39:16+08:00 ] [ sql ] [ DB ] CONNECT:[ UseTime:0.004572s ] mysql:dbname=yxadult;host=localhost;port=3306;charset=utf8
[ sql ] [ SQL ] SHOW COLUMNS FROM `store` [ RunTime:0.000698s ]
[ sql ] [ SQL ] SELECT * FROM `store` WHERE  `store`.`delete_time` IS NULL  AND `id` = 56 LIMIT 1 [ RunTime:0.000249s ]

---------------------------------------------------------------
[ 2020-01-27T19:39:16+08:00 ] [ sql ] [ DB ] CONNECT:[ UseTime:0.030822s ] mysql:dbname=yxadult;host=localhost;port=3306;charset=utf8
[ sql ] [ SQL ] SHOW COLUMNS FROM `store` [ RunTime:0.008468s ]
[ sql ] [ SQL ] SELECT * FROM `store` WHERE  `store`.`delete_time` IS NULL  AND `id` = 56 LIMIT 1 [ RunTime:0.004966s ]

---------------------------------------------------------------
[ 2020-01-27T19:39:16+08:00 ] [ sql ] [ DB ] CONNECT:[ UseTime:0.059088s ] mysql:dbname=yxadult;host=localhost;port=3306;charset=utf8
[ sql ] [ SQL ] SHOW COLUMNS FROM `banner` [ RunTime:0.000626s ]
[ sql ] [ SQL ] SELECT * FROM `banner` WHERE  `id` = 1 LIMIT 1 [ RunTime:0.000254s ]
[ sql ] [ SQL ] SHOW COLUMNS FROM `banner_item` [ RunTime:0.000633s ]
[ sql ] [ SQL ] SELECT * FROM `banner_item` WHERE  `banner_id` = 1 [ RunTime:0.000237s ]
[ sql ] [ SQL ] SELECT * FROM `banner_item` WHERE  `banner_id` = 1 [ RunTime:0.022176s ]
[ sql ] [ SQL ] SHOW COLUMNS FROM `image` [ RunTime:0.003155s ]
[ sql ] [ SQL ] SELECT * FROM `image` WHERE  `id` IN (1055,1058,1057,1060) [ RunTime:0.001107s ]

---------------------------------------------------------------
[ 2020-01-27T19:39:16+08:00 ] [ sql ] [ DB ] CONNECT:[ UseTime:0.019867s ] mysql:dbname=yxadult;host=localhost;port=3306;charset=utf8
[ sql ] [ SQL ] SHOW COLUMNS FROM `category` [ RunTime:0.004866s ]
[ sql ] [ SQL ] SELECT * FROM `category` LIMIT 12 [ RunTime:0.002271s ]
[ sql ] [ SQL ] SHOW COLUMNS FROM `image` [ RunTime:0.003264s ]
[ sql ] [ SQL ] SELECT * FROM `image` WHERE  `id` IN (1909,1911,1910,3095,2886,1915,1914,2263,1917,3096,2257,3089) [ RunTime:0.001159s ]

---------------------------------------------------------------
[ 2020-01-27T19:39:16+08:00 ] [ sql ] [ DB ] CONNECT:[ UseTime:0.006572s ] mysql:dbname=yxadult;host=localhost;port=3306;charset=utf8
[ sql ] [ SQL ] SHOW COLUMNS FROM `banner` [ RunTime:0.000763s ]
[ sql ] [ SQL ] SELECT * FROM `banner` WHERE  `id` = 1 LIMIT 1 [ RunTime:0.000207s ]
[ sql ] [ SQL ] SHOW COLUMNS FROM `banner_item` [ RunTime:0.000594s ]
[ sql ] [ SQL ] SELECT * FROM `banner_item` WHERE  `banner_id` = 1 [ RunTime:0.000978s ]
[ sql ] [ SQL ] SELECT * FROM `banner_item` WHERE  `banner_id` = 1 [ RunTime:0.004875s ]
[ sql ] [ SQL ] SHOW COLUMNS FROM `image` [ RunTime:0.000832s ]
[ sql ] [ SQL ] SELECT * FROM `image` WHERE  `id` IN (1055,1058,1057,1060) [ RunTime:0.000246s ]

---------------------------------------------------------------
[ 2020-01-27T19:39:16+08:00 ] [ sql ] [ DB ] CONNECT:[ UseTime:0.000568s ] mysql:dbname=yxadult;host=localhost;port=3306;charset=utf8
[ sql ] [ SQL ] SHOW COLUMNS FROM `user` [ RunTime:0.000767s ]
[ sql ] [ SQL ] SELECT * FROM `user` WHERE  `openid` = 'oPweb5SG2jIMVx-2vLFCerR_FGNo' LIMIT 1 [ RunTime:0.000250s ]
[ sql ] [ SQL ] INSERT INTO `user` (`openid`) VALUES ('oPweb5SG2jIMVx-2vLFCerR_FGNo') [ RunTime:0.059653s ]

---------------------------------------------------------------
[ 2020-01-27T19:39:16+08:00 ] [ sql ] [ DB ] CONNECT:[ UseTime:0.000761s ] mysql:dbname=yxadult;host=localhost;port=3306;charset=utf8
[ sql ] [ SQL ] SHOW COLUMNS FROM `user` [ RunTime:0.000685s ]
[ sql ] [ SQL ] SELECT * FROM `user` WHERE  `openid` = 'oPweb5SG2jIMVx-2vLFCerR_FGNo' LIMIT 1 [ RunTime:0.000277s ]

---------------------------------------------------------------
[ 2020-01-27T19:39:17+08:00 ] [ sql ] [ DB ] CONNECT:[ UseTime:0.000619s ] mysql:dbname=yxadult;host=localhost;port=3306;charset=utf8
[ sql ] [ SQL ] SHOW COLUMNS FROM `user` [ RunTime:0.000821s ]
[ sql ] [ SQL ] SELECT * FROM `user` WHERE  `openid` = 'oPweb5SG2jIMVx-2vLFCerR_FGNo' LIMIT 1 [ RunTime:0.000402s ]

---------------------------------------------------------------
[ 2020-01-27T19:39:17+08:00 ] [ sql ] [ DB ] CONNECT:[ UseTime:0.000601s ] mysql:dbname=yxadult;host=localhost;port=3306;charset=utf8
[ sql ] [ SQL ] SHOW COLUMNS FROM `store` [ RunTime:0.000736s ]
[ sql ] [ SQL ] SELECT * FROM `store` WHERE  `store`.`delete_time` IS NULL  AND `id` = 56 LIMIT 1 [ RunTime:0.000300s ]
[ sql ] [ SQL ] SELECT `storehouse_id` FROM `store` WHERE  `store`.`delete_time` IS NULL  AND `id` = 56 LIMIT 1 [ RunTime:0.000190s ]
[ sql ] [ SQL ] SHOW COLUMNS FROM `product` [ RunTime:0.000647s ]
[ sql ] [ SQL ] SELECT * FROM `product` WHERE  `product`.`delete_time` IS NULL  AND `storehouse_id` = 6  AND `category_id` <> 11 ORDER BY create_time desc LIMIT 10 [ RunTime:0.000610s ]
[ sql ] [ SQL ] SHOW COLUMNS FROM `product_image` [ RunTime:0.000452s ]
[ sql ] [ SQL ] SELECT * FROM `product_image` WHERE  `product_id` IN (606,605,604,603,602,601,600,599,598,595) [ RunTime:0.001229s ]
[ sql ] [ SQL ] SHOW COLUMNS FROM `image` [ RunTime:0.000464s ]
[ sql ] [ SQL ] SELECT * FROM `image` WHERE  `id` IN (3474,3475,3476,3477,3478,3479,3480,3481,3482,3483,3484,3485,3486,3487,3523,3524,3525,3526,3527,3528,3529,3530,3531,3532,3533,3534,3535,3536,3537,0,3538,3539,3540,3541,3542,3562,3563,3564,3565,3566,3567,0,3572,3573,3574,3576,3577,3578,0,3580,3581,3582,3583,3584,3585,3586,3588,3589,3590,3591,3592,3593,3594,3595,3596,3597,3598,3599,3601,3603,3605,3607,3608,3609,3610,3611,3612,3613,3614,3615,3616,3620,3621,3622,3623,3624,3625,3626,3627,3628,3629,3630,3631,3632) [ RunTime:0.000717s ]
[ sql ] [ SQL ] SHOW COLUMNS FROM `product_main_image` [ RunTime:0.014493s ]
[ sql ] [ SQL ] SELECT * FROM `product_main_image` WHERE  `product_id` IN (606,605,604,603,602,601,600,599,598,595) [ RunTime:0.000693s ]
[ sql ] [ SQL ] SELECT * FROM `image` WHERE  `id` IN (3471,3472,3473,3519,3520,3521,3522,3560,3561,3568,3575,3579,3587,3602,3604,3606,3617,3618,3619) [ RunTime:0.000384s ]
[ sql ] [ SQL ] SHOW COLUMNS FROM `user_products` [ RunTime:0.000518s ]
[ sql ] [ SQL ] SELECT * FROM `user_products` WHERE  `user_id` = 356  AND `product_id` = 606 LIMIT 1 [ RunTime:0.000221s ]
[ sql ] [ SQL ] SELECT * FROM `user_products` WHERE  `user_id` = 356  AND `product_id` = 605 LIMIT 1 [ RunTime:0.000198s ]
[ sql ] [ SQL ] SELECT * FROM `user_products` WHERE  `user_id` = 356  AND `product_id` = 604 LIMIT 1 [ RunTime:0.000219s ]
[ sql ] [ SQL ] SELECT * FROM `user_products` WHERE  `user_id` = 356  AND `product_id` = 603 LIMIT 1 [ RunTime:0.000198s ]
[ sql ] [ SQL ] SELECT * FROM `user_products` WHERE  `user_id` = 356  AND `product_id` = 602 LIMIT 1 [ RunTime:0.000217s ]
[ sql ] [ SQL ] SELECT * FROM `user_products` WHERE  `user_id` = 356  AND `product_id` = 601 LIMIT 1 [ RunTime:0.000205s ]
[ sql ] [ SQL ] SELECT * FROM `user_products` WHERE  `user_id` = 356  AND `product_id` = 600 LIMIT 1 [ RunTime:0.000197s ]
[ sql ] [ SQL ] SELECT * FROM `user_products` WHERE  `user_id` = 356  AND `product_id` = 599 LIMIT 1 [ RunTime:0.000227s ]
[ sql ] [ SQL ] SELECT * FROM `user_products` WHERE  `user_id` = 356  AND `product_id` = 598 LIMIT 1 [ RunTime:0.000215s ]
[ sql ] [ SQL ] SELECT * FROM `user_products` WHERE  `user_id` = 356  AND `product_id` = 595 LIMIT 1 [ RunTime:0.000201s ]

---------------------------------------------------------------
[ 2020-01-27T19:39:17+08:00 ] [ sql ] [ DB ] CONNECT:[ UseTime:0.011063s ] mysql:dbname=yxadult;host=localhost;port=3306;charset=utf8
[ sql ] [ SQL ] SHOW COLUMNS FROM `user` [ RunTime:0.000690s ]
[ sql ] [ SQL ] SELECT * FROM `user` WHERE  `openid` = 'oPweb5SG2jIMVx-2vLFCerR_FGNo' LIMIT 1 [ RunTime:0.014676s ]

---------------------------------------------------------------
[ 2020-01-27T19:39:17+08:00 ] [ sql ] [ DB ] CONNECT:[ UseTime:0.002644s ] mysql:dbname=yxadult;host=localhost;port=3306;charset=utf8
[ sql ] [ SQL ] SHOW COLUMNS FROM `user` [ RunTime:0.001493s ]
[ sql ] [ SQL ] SELECT * FROM `user` WHERE  `openid` = 'oPweb5SG2jIMVx-2vLFCerR_FGNo' LIMIT 1 [ RunTime:0.000255s ]

---------------------------------------------------------------
[ 2020-01-27T19:39:17+08:00 ] [ sql ] [ DB ] CONNECT:[ UseTime:0.000699s ] mysql:dbname=yxadult;host=localhost;port=3306;charset=utf8
[ sql ] [ SQL ] SHOW COLUMNS FROM `store` [ RunTime:0.000883s ]
[ sql ] [ SQL ] SELECT * FROM `store` WHERE  `store`.`delete_time` IS NULL  AND `id` = 56 LIMIT 1 [ RunTime:0.000355s ]
[ sql ] [ SQL ] SELECT `storehouse_id` FROM `store` WHERE  `store`.`delete_time` IS NULL  AND `id` = 56 LIMIT 1 [ RunTime:0.000196s ]
[ sql ] [ SQL ] SHOW COLUMNS FROM `product` [ RunTime:0.000715s ]
[ sql ] [ SQL ] SELECT * FROM `product` WHERE  `product`.`delete_time` IS NULL  AND `storehouse_id` = 6 ORDER BY sales Desc LIMIT 10 [ RunTime:0.000827s ]
[ sql ] [ SQL ] SHOW COLUMNS FROM `product_image` [ RunTime:0.000696s ]
[ sql ] [ SQL ] SELECT * FROM `product_image` WHERE  `product_id` IN (46,173,60,47,606,192,36,274,602,196) [ RunTime:0.002000s ]
[ sql ] [ SQL ] SHOW COLUMNS FROM `image` [ RunTime:0.000597s ]
[ sql ] [ SQL ] SELECT * FROM `image` WHERE  `id` IN (436,437,438,439,440,441,442,443,444,445,446,1759,1760,1761,1762,1763,1764,1765,1766,1767,2556,2557,2558,2559,2560,2561,2562,2563,2564,2565,2566,2567,2568,2569,2570,2571,2572,2590,2591,2592,2593,2594,2595,2596,2597,2598,2599,2600,2601,2602,2603,2830,2831,2832,2833,2834,2835,2836,2837,2838,2839,2840,2841,2842,2843,2844,2845,2846,2847,2848,2849,2850,2851,3198,3199,3200,3201,3202,3203,3204,3269,3270,3271,3272,3273,3274,3275,3580,3581,3582,3583,3584,3585,3586,3620,3621,3622,3623,3624,3625,3626,3627,3628,3629,3630,3631,3632) [ RunTime:0.001030s ]
[ sql ] [ SQL ] SHOW COLUMNS FROM `product_main_image` [ RunTime:0.000617s ]
[ sql ] [ SQL ] SELECT * FROM `product_main_image` WHERE  `product_id` IN (46,173,60,47,606,192,36,274,602,196) [ RunTime:0.000748s ]
[ sql ] [ SQL ] SELECT * FROM `image` WHERE  `id` IN (1636,1637,1638,1647,1648,1649,1650,1756,1757,1758,2553,2554,2555,2587,2588,2589,2827,2828,2829,3195,3196,3197,3579,3617,3618,3619) [ RunTime:0.000394s ]
[ sql ] [ SQL ] SHOW COLUMNS FROM `user_products` [ RunTime:0.000640s ]
[ sql ] [ SQL ] SELECT * FROM `user_products` WHERE  `user_id` = 356  AND `product_id` = 46 LIMIT 1 [ RunTime:0.000251s ]
[ sql ] [ SQL ] SELECT * FROM `user_products` WHERE  `user_id` = 356  AND `product_id` = 173 LIMIT 1 [ RunTime:0.000222s ]
[ sql ] [ SQL ] SELECT * FROM `user_products` WHERE  `user_id` = 356  AND `product_id` = 60 LIMIT 1 [ RunTime:0.000204s ]
[ sql ] [ SQL ] SELECT * FROM `user_products` WHERE  `user_id` = 356  AND `product_id` = 47 LIMIT 1 [ RunTime:0.000198s ]
[ sql ] [ SQL ] SELECT * FROM `user_products` WHERE  `user_id` = 356  AND `product_id` = 606 LIMIT 1 [ RunTime:0.000205s ]
[ sql ] [ SQL ] SELECT * FROM `user_products` WHERE  `user_id` = 356  AND `product_id` = 192 LIMIT 1 [ RunTime:0.000194s ]
[ sql ] [ SQL ] SELECT * FROM `user_products` WHERE  `user_id` = 356  AND `product_id` = 36 LIMIT 1 [ RunTime:0.000207s ]
[ sql ] [ SQL ] SELECT * FROM `user_products` WHERE  `user_id` = 356  AND `product_id` = 274 LIMIT 1 [ RunTime:0.000199s ]
[ sql ] [ SQL ] SELECT * FROM `user_products` WHERE  `user_id` = 356  AND `product_id` = 602 LIMIT 1 [ RunTime:0.000208s ]
[ sql ] [ SQL ] SELECT * FROM `user_products` WHERE  `user_id` = 356  AND `product_id` = 196 LIMIT 1 [ RunTime:0.000198s ]

---------------------------------------------------------------
[ 2020-01-27T19:39:17+08:00 ] [ sql ] [ DB ] CONNECT:[ UseTime:0.000893s ] mysql:dbname=yxadult;host=localhost;port=3306;charset=utf8
[ sql ] [ SQL ] SHOW COLUMNS FROM `store` [ RunTime:0.000779s ]
[ sql ] [ SQL ] SELECT * FROM `store` WHERE  `store`.`delete_time` IS NULL  AND `id` = 56 LIMIT 1 [ RunTime:0.000307s ]
[ sql ] [ SQL ] SELECT `storehouse_id` FROM `store` WHERE  `store`.`delete_time` IS NULL  AND `id` = 56 LIMIT 1 [ RunTime:0.000190s ]
[ sql ] [ SQL ] SHOW COLUMNS FROM `product` [ RunTime:0.000709s ]
[ sql ] [ SQL ] SELECT * FROM `product` WHERE  `product`.`delete_time` IS NULL  AND `storehouse_id` = 6 ORDER BY sales Desc LIMIT 10 [ RunTime:0.000818s ]
[ sql ] [ SQL ] SHOW COLUMNS FROM `product_image` [ RunTime:0.000561s ]
[ sql ] [ SQL ] SELECT * FROM `product_image` WHERE  `product_id` IN (46,173,60,47,606,192,36,274,602,196) [ RunTime:0.001743s ]
[ sql ] [ SQL ] SHOW COLUMNS FROM `image` [ RunTime:0.000611s ]
[ sql ] [ SQL ] SELECT * FROM `image` WHERE  `id` IN (436,437,438,439,440,441,442,443,444,445,446,1759,1760,1761,1762,1763,1764,1765,1766,1767,2556,2557,2558,2559,2560,2561,2562,2563,2564,2565,2566,2567,2568,2569,2570,2571,2572,2590,2591,2592,2593,2594,2595,2596,2597,2598,2599,2600,2601,2602,2603,2830,2831,2832,2833,2834,2835,2836,2837,2838,2839,2840,2841,2842,2843,2844,2845,2846,2847,2848,2849,2850,2851,3198,3199,3200,3201,3202,3203,3204,3269,3270,3271,3272,3273,3274,3275,3580,3581,3582,3583,3584,3585,3586,3620,3621,3622,3623,3624,3625,3626,3627,3628,3629,3630,3631,3632) [ RunTime:0.001038s ]
[ sql ] [ SQL ] SHOW COLUMNS FROM `product_main_image` [ RunTime:0.000557s ]
[ sql ] [ SQL ] SELECT * FROM `product_main_image` WHERE  `product_id` IN (46,173,60,47,606,192,36,274,602,196) [ RunTime:0.000687s ]
[ sql ] [ SQL ] SELECT * FROM `image` WHERE  `id` IN (1636,1637,1638,1647,1648,1649,1650,1756,1757,1758,2553,2554,2555,2587,2588,2589,2827,2828,2829,3195,3196,3197,3579,3617,3618,3619) [ RunTime:0.000378s ]
[ sql ] [ SQL ] SHOW COLUMNS FROM `user_products` [ RunTime:0.000561s ]
[ sql ] [ SQL ] SELECT * FROM `user_products` WHERE  `user_id` = 356  AND `product_id` = 46 LIMIT 1 [ RunTime:0.000208s ]
[ sql ] [ SQL ] SELECT * FROM `user_products` WHERE  `user_id` = 356  AND `product_id` = 173 LIMIT 1 [ RunTime:0.000199s ]
[ sql ] [ SQL ] SELECT * FROM `user_products` WHERE  `user_id` = 356  AND `product_id` = 60 LIMIT 1 [ RunTime:0.000188s ]
[ sql ] [ SQL ] SELECT * FROM `user_products` WHERE  `user_id` = 356  AND `product_id` = 47 LIMIT 1 [ RunTime:0.000187s ]
[ sql ] [ SQL ] SELECT * FROM `user_products` WHERE  `user_id` = 356  AND `product_id` = 606 LIMIT 1 [ RunTime:0.000197s ]
[ sql ] [ SQL ] SELECT * FROM `user_products` WHERE  `user_id` = 356  AND `product_id` = 192 LIMIT 1 [ RunTime:0.000187s ]
[ sql ] [ SQL ] SELECT * FROM `user_products` WHERE  `user_id` = 356  AND `product_id` = 36 LIMIT 1 [ RunTime:0.000185s ]
[ sql ] [ SQL ] SELECT * FROM `user_products` WHERE  `user_id` = 356  AND `product_id` = 274 LIMIT 1 [ RunTime:0.000195s ]
[ sql ] [ SQL ] SELECT * FROM `user_products` WHERE  `user_id` = 356  AND `product_id` = 602 LIMIT 1 [ RunTime:0.000205s ]
[ sql ] [ SQL ] SELECT * FROM `user_products` WHERE  `user_id` = 356  AND `product_id` = 196 LIMIT 1 [ RunTime:0.000195s ]

---------------------------------------------------------------
[ 2020-01-27T19:39:17+08:00 ] [ sql ] [ DB ] CONNECT:[ UseTime:0.000631s ] mysql:dbname=yxadult;host=localhost;port=3306;charset=utf8
[ sql ] [ SQL ] SHOW COLUMNS FROM `store` [ RunTime:0.000863s ]
[ sql ] [ SQL ] SELECT * FROM `store` WHERE  `store`.`delete_time` IS NULL  AND `id` = 56 LIMIT 1 [ RunTime:0.000395s ]
[ sql ] [ SQL ] SELECT `storehouse_id` FROM `store` WHERE  `store`.`delete_time` IS NULL  AND `id` = 56 LIMIT 1 [ RunTime:0.000184s ]
[ sql ] [ SQL ] SHOW COLUMNS FROM `product` [ RunTime:0.000723s ]
[ sql ] [ SQL ] SELECT * FROM `product` WHERE  `product`.`delete_time` IS NULL  AND `storehouse_id` = 6  AND `category_id` <> 11 ORDER BY create_time desc LIMIT 10 [ RunTime:0.000847s ]
[ sql ] [ SQL ] SHOW COLUMNS FROM `product_image` [ RunTime:0.000695s ]
[ sql ] [ SQL ] SELECT * FROM `product_image` WHERE  `product_id` IN (606,605,604,603,602,601,600,599,598,595) [ RunTime:0.002101s ]
[ sql ] [ SQL ] SHOW COLUMNS FROM `image` [ RunTime:0.000698s ]
[ sql ] [ SQL ] SELECT * FROM `image` WHERE  `id` IN (3474,3475,3476,3477,3478,3479,3480,3481,3482,3483,3484,3485,3486,3487,3523,3524,3525,3526,3527,3528,3529,3530,3531,3532,3533,3534,3535,3536,3537,0,3538,3539,3540,3541,3542,3562,3563,3564,3565,3566,3567,0,3572,3573,3574,3576,3577,3578,0,3580,3581,3582,3583,3584,3585,3586,3588,3589,3590,3591,3592,3593,3594,3595,3596,3597,3598,3599,3601,3603,3605,3607,3608,3609,3610,3611,3612,3613,3614,3615,3616,3620,3621,3622,3623,3624,3625,3626,3627,3628,3629,3630,3631,3632) [ RunTime:0.001127s ]
[ sql ] [ SQL ] SHOW COLUMNS FROM `product_main_image` [ RunTime:0.000568s ]
[ sql ] [ SQL ] SELECT * FROM `product_main_image` WHERE  `product_id` IN (606,605,604,603,602,601,600,599,598,595) [ RunTime:0.000733s ]
[ sql ] [ SQL ] SELECT * FROM `image` WHERE  `id` IN (3471,3472,3473,3519,3520,3521,3522,3560,3561,3568,3575,3579,3587,3602,3604,3606,3617,3618,3619) [ RunTime:0.000317s ]
[ sql ] [ SQL ] SHOW COLUMNS FROM `user_products` [ RunTime:0.000523s ]
[ sql ] [ SQL ] SELECT * FROM `user_products` WHERE  `user_id` = 356  AND `product_id` = 606 LIMIT 1 [ RunTime:0.000191s ]
[ sql ] [ SQL ] SELECT * FROM `user_products` WHERE  `user_id` = 356  AND `product_id` = 605 LIMIT 1 [ RunTime:0.000176s ]
[ sql ] [ SQL ] SELECT * FROM `user_products` WHERE  `user_id` = 356  AND `product_id` = 604 LIMIT 1 [ RunTime:0.000194s ]
[ sql ] [ SQL ] SELECT * FROM `user_products` WHERE  `user_id` = 356  AND `product_id` = 603 LIMIT 1 [ RunTime:0.000170s ]
[ sql ] [ SQL ] SELECT * FROM `user_products` WHERE  `user_id` = 356  AND `product_id` = 602 LIMIT 1 [ RunTime:0.000157s ]
[ sql ] [ SQL ] SELECT * FROM `user_products` WHERE  `user_id` = 356  AND `product_id` = 601 LIMIT 1 [ RunTime:0.000168s ]
[ sql ] [ SQL ] SELECT * FROM `user_products` WHERE  `user_id` = 356  AND `product_id` = 600 LIMIT 1 [ RunTime:0.000166s ]
[ sql ] [ SQL ] SELECT * FROM `user_products` WHERE  `user_id` = 356  AND `product_id` = 599 LIMIT 1 [ RunTime:0.000157s ]
[ sql ] [ SQL ] SELECT * FROM `user_products` WHERE  `user_id` = 356  AND `product_id` = 598 LIMIT 1 [ RunTime:0.000159s ]
[ sql ] [ SQL ] SELECT * FROM `user_products` WHERE  `user_id` = 356  AND `product_id` = 595 LIMIT 1 [ RunTime:0.000163s ]

---------------------------------------------------------------
[ 2020-01-27T19:39:27+08:00 ] [ sql ] [ DB ] CONNECT:[ UseTime:0.000542s ] mysql:dbname=yxadult;host=localhost;port=3306;charset=utf8
[ sql ] [ SQL ] SHOW COLUMNS FROM `store` [ RunTime:0.000780s ]
[ sql ] [ SQL ] SELECT * FROM `store` WHERE  `store`.`delete_time` IS NULL  AND `id` = 56 LIMIT 1 [ RunTime:0.000296s ]

---------------------------------------------------------------
[ 2020-01-27T19:39:27+08:00 ] [ sql ] [ DB ] CONNECT:[ UseTime:0.000662s ] mysql:dbname=yxadult;host=localhost;port=3306;charset=utf8
[ sql ] [ SQL ] SHOW COLUMNS FROM `category` [ RunTime:0.000856s ]
[ sql ] [ SQL ] SELECT * FROM `category` [ RunTime:0.000271s ]
[ sql ] [ SQL ] SHOW COLUMNS FROM `image` [ RunTime:0.000558s ]
[ sql ] [ SQL ] SELECT * FROM `image` WHERE  `id` IN (1909,1911,1910,3095,2886,1915,1914,2263,1917,3096,2257,3089,3090) [ RunTime:0.000337s ]

---------------------------------------------------------------
[ 2020-01-27T19:39:27+08:00 ] [ sql ] [ DB ] CONNECT:[ UseTime:0.000899s ] mysql:dbname=yxadult;host=localhost;port=3306;charset=utf8
[ sql ] [ SQL ] SHOW COLUMNS FROM `category` [ RunTime:0.000979s ]
[ sql ] [ SQL ] SELECT * FROM `category` [ RunTime:0.000181s ]
[ sql ] [ SQL ] SHOW COLUMNS FROM `image` [ RunTime:0.000689s ]
[ sql ] [ SQL ] SELECT * FROM `image` WHERE  `id` IN (1909,1911,1910,3095,2886,1915,1914,2263,1917,3096,2257,3089,3090) [ RunTime:0.000323s ]

---------------------------------------------------------------
[ 2020-01-27T19:39:27+08:00 ] [ sql ] [ DB ] CONNECT:[ UseTime:0.000624s ] mysql:dbname=yxadult;host=localhost;port=3306;charset=utf8
[ sql ] [ SQL ] SHOW COLUMNS FROM `store` [ RunTime:0.000899s ]
[ sql ] [ SQL ] SELECT * FROM `store` WHERE  `store`.`delete_time` IS NULL  AND `id` = 56 LIMIT 1 [ RunTime:0.000354s ]
[ sql ] [ SQL ] SELECT `storehouse_id` FROM `store` WHERE  `store`.`delete_time` IS NULL  AND `id` = 56 LIMIT 1 [ RunTime:0.000199s ]
[ sql ] [ SQL ] SHOW COLUMNS FROM `product` [ RunTime:0.000704s ]
[ sql ] [ SQL ] SELECT * FROM `product` WHERE  `product`.`delete_time` IS NULL  AND `category_id` = 1  AND `storehouse_id` = 6 [ RunTime:0.001259s ]
[ sql ] [ SQL ] SHOW COLUMNS FROM `product_image` [ RunTime:0.000581s ]
[ sql ] [ SQL ] SELECT * FROM `product_image` WHERE  `product_id` IN (125,127,129,141,216,218,219,220,221,222,223,224,225,226,227,229,232,272,275,278,279,280,282,589) [ RunTime:0.002136s ]
[ sql ] [ SQL ] SHOW COLUMNS FROM `image` [ RunTime:0.000589s ]
[ sql ] [ SQL ] SELECT * FROM `image` WHERE  `id` IN (796,797,798,799,800,801,802,803,805,806,807,808,809,810,811,812,813,817,818,819,827,828,829,835,836,837,838,839,840,841,842,843,845,853,854,855,856,857,858,860,861,862,863,864,865,866,867,869,870,871,872,873,874,875,876,877,878,879,890,891,892,893,894,895,896,897,899,900,901,902,903,904,906,934,935,936,937,946,947,948,949,950,951,952,953,954,955,956,957,958,1732,1733,1734,1735,1736,1737,1771,1772,1773,1774,1775,1776,1777,1778,1779,1780,1781,1793,1794,1795,1796,1797,1798,1799,1801,1802,1803,1804,1807,1808,1809,1859,1860,1861,1862,1863,1864,1865,1866,1867,1868,1869,1870,1871,1872,1873,2039,2040,2044,2045,2046,2047,2048,2049,2050,2051,2052,2053,2054,2055,2056,2057,2070,2071,2072,2073,2074,2075,2076,2077,2078,2079,2080,2081,2082,2083,2084,2085,2086,2087,2090,2091,2092,2093,2094,2095,2096,2097,2098,2099,2100,2101,2102,2103,2104,2105,2106,2107,2108,2109,2110,2111,2112,2113,2114,2115,2116,2117,2118,2119,2120,2121,2122,2123,2124,2125,2126,2136,2137,2138,2139,2140,2141,2142,2143,2144,2145,3362,3363,3364,3365,3366,3367,3368,3369,3370,3371,3372,3373,3374,3375,3376) [ RunTime:0.002265s ]
[ sql ] [ SQL ] SHOW COLUMNS FROM `product_main_image` [ RunTime:0.000576s ]
[ sql ] [ SQL ] SELECT * FROM `product_main_image` WHERE  `product_id` IN (125,127,129,141,216,218,219,220,221,222,223,224,225,226,227,229,232,272,275,278,279,280,282,589) [ RunTime:0.000787s ]
[ sql ] [ SQL ] SELECT * FROM `image` WHERE  `id` IN (1450,1451,1453,1454,1455,1458,1462,1463,1464,1465,1468,1469,1471,1729,1730,1768,1769,1770,1791,1792,1800,1806,1857,1858,2037,2038,2042,2043,2068,2069,2088,2089,2128,2129,2130,2131,2132,2133,2134,2135,2146,2147,2148,2869,3361) [ RunTime:0.000484s ]
[ sql ] [ SQL ] SHOW COLUMNS FROM `user_products` [ RunTime:0.000592s ]
[ sql ] [ SQL ] SELECT * FROM `user_products` WHERE  `user_id` = 356  AND `product_id` = 125 LIMIT 1 [ RunTime:0.000231s ]
[ sql ] [ SQL ] SELECT * FROM `user_products` WHERE  `user_id` = 356  AND `product_id` = 127 LIMIT 1 [ RunTime:0.000190s ]
[ sql ] [ SQL ] SELECT * FROM `user_products` WHERE  `user_id` = 356  AND `product_id` = 129 LIMIT 1 [ RunTime:0.000208s ]
[ sql ] [ SQL ] SELECT * FROM `user_products` WHERE  `user_id` = 356  AND `product_id` = 141 LIMIT 1 [ RunTime:0.000190s ]
[ sql ] [ SQL ] SELECT * FROM `user_products` WHERE  `user_id` = 356  AND `product_id` = 216 LIMIT 1 [ RunTime:0.000196s ]
[ sql ] [ SQL ] SELECT * FROM `user_products` WHERE  `user_id` = 356  AND `product_id` = 218 LIMIT 1 [ RunTime:0.000186s ]
[ sql ] [ SQL ] SELECT * FROM `user_products` WHERE  `user_id` = 356  AND `product_id` = 219 LIMIT 1 [ RunTime:0.000182s ]
[ sql ] [ SQL ] SELECT * FROM `user_products` WHERE  `user_id` = 356  AND `product_id` = 220 LIMIT 1 [ RunTime:0.000200s ]
[ sql ] [ SQL ] SELECT * FROM `user_products` WHERE  `user_id` = 356  AND `product_id` = 221 LIMIT 1 [ RunTime:0.000182s ]
[ sql ] [ SQL ] SELECT * FROM `user_products` WHERE  `user_id` = 356  AND `product_id` = 222 LIMIT 1 [ RunTime:0.000188s ]
[ sql ] [ SQL ] SELECT * FROM `user_products` WHERE  `user_id` = 356  AND `product_id` = 223 LIMIT 1 [ RunTime:0.000193s ]
[ sql ] [ SQL ] SELECT * FROM `user_products` WHERE  `user_id` = 356  AND `product_id` = 224 LIMIT 1 [ RunTime:0.000194s ]
[ sql ] [ SQL ] SELECT * FROM `user_products` WHERE  `user_id` = 356  AND `product_id` = 225 LIMIT 1 [ RunTime:0.000189s ]
[ sql ] [ SQL ] SELECT * FROM `user_products` WHERE  `user_id` = 356  AND `product_id` = 226 LIMIT 1 [ RunTime:0.000221s ]
[ sql ] [ SQL ] SELECT * FROM `user_products` WHERE  `user_id` = 356  AND `product_id` = 227 LIMIT 1 [ RunTime:0.000206s ]
[ sql ] [ SQL ] SELECT * FROM `user_products` WHERE  `user_id` = 356  AND `product_id` = 229 LIMIT 1 [ RunTime:0.000185s ]
[ sql ] [ SQL ] SELECT * FROM `user_products` WHERE  `user_id` = 356  AND `product_id` = 232 LIMIT 1 [ RunTime:0.000192s ]
[ sql ] [ SQL ] SELECT * FROM `user_products` WHERE  `user_id` = 356  AND `product_id` = 272 LIMIT 1 [ RunTime:0.000198s ]
[ sql ] [ SQL ] SELECT * FROM `user_products` WHERE  `user_id` = 356  AND `product_id` = 275 LIMIT 1 [ RunTime:0.000205s ]
[ sql ] [ SQL ] SELECT * FROM `user_products` WHERE  `user_id` = 356  AND `product_id` = 278 LIMIT 1 [ RunTime:0.000202s ]
[ sql ] [ SQL ] SELECT * FROM `user_products` WHERE  `user_id` = 356  AND `product_id` = 279 LIMIT 1 [ RunTime:0.000191s ]
[ sql ] [ SQL ] SELECT * FROM `user_products` WHERE  `user_id` = 356  AND `product_id` = 280 LIMIT 1 [ RunTime:0.000198s ]
[ sql ] [ SQL ] SELECT * FROM `user_products` WHERE  `user_id` = 356  AND `product_id` = 282 LIMIT 1 [ RunTime:0.000191s ]
[ sql ] [ SQL ] SELECT * FROM `user_products` WHERE  `user_id` = 356  AND `product_id` = 589 LIMIT 1 [ RunTime:0.000206s ]

---------------------------------------------------------------
[ 2020-01-27T19:39:27+08:00 ] [ sql ] [ DB ] CONNECT:[ UseTime:0.000681s ] mysql:dbname=yxadult;host=localhost;port=3306;charset=utf8
[ sql ] [ SQL ] SHOW COLUMNS FROM `store` [ RunTime:0.000913s ]
[ sql ] [ SQL ] SELECT * FROM `store` WHERE  `store`.`delete_time` IS NULL  AND `id` = 56 LIMIT 1 [ RunTime:0.000293s ]
[ sql ] [ SQL ] SELECT `storehouse_id` FROM `store` WHERE  `store`.`delete_time` IS NULL  AND `id` = 56 LIMIT 1 [ RunTime:0.000200s ]
[ sql ] [ SQL ] SHOW COLUMNS FROM `product` [ RunTime:0.000887s ]
[ sql ] [ SQL ] SELECT * FROM `product` WHERE  `product`.`delete_time` IS NULL  AND `category_id` = 1  AND `storehouse_id` = 6 [ RunTime:0.001303s ]
[ sql ] [ SQL ] SHOW COLUMNS FROM `product_image` [ RunTime:0.000622s ]
[ sql ] [ SQL ] SELECT * FROM `product_image` WHERE  `product_id` IN (125,127,129,141,216,218,219,220,221,222,223,224,225,226,227,229,232,272,275,278,279,280,282,589) [ RunTime:0.002181s ]
[ sql ] [ SQL ] SHOW COLUMNS FROM `image` [ RunTime:0.000772s ]
[ sql ] [ SQL ] SELECT * FROM `image` WHERE  `id` IN (796,797,798,799,800,801,802,803,805,806,807,808,809,810,811,812,813,817,818,819,827,828,829,835,836,837,838,839,840,841,842,843,845,853,854,855,856,857,858,860,861,862,863,864,865,866,867,869,870,871,872,873,874,875,876,877,878,879,890,891,892,893,894,895,896,897,899,900,901,902,903,904,906,934,935,936,937,946,947,948,949,950,951,952,953,954,955,956,957,958,1732,1733,1734,1735,1736,1737,1771,1772,1773,1774,1775,1776,1777,1778,1779,1780,1781,1793,1794,1795,1796,1797,1798,1799,1801,1802,1803,1804,1807,1808,1809,1859,1860,1861,1862,1863,1864,1865,1866,1867,1868,1869,1870,1871,1872,1873,2039,2040,2044,2045,2046,2047,2048,2049,2050,2051,2052,2053,2054,2055,2056,2057,2070,2071,2072,2073,2074,2075,2076,2077,2078,2079,2080,2081,2082,2083,2084,2085,2086,2087,2090,2091,2092,2093,2094,2095,2096,2097,2098,2099,2100,2101,2102,2103,2104,2105,2106,2107,2108,2109,2110,2111,2112,2113,2114,2115,2116,2117,2118,2119,2120,2121,2122,2123,2124,2125,2126,2136,2137,2138,2139,2140,2141,2142,2143,2144,2145,3362,3363,3364,3365,3366,3367,3368,3369,3370,3371,3372,3373,3374,3375,3376) [ RunTime:0.002388s ]
[ sql ] [ SQL ] SHOW COLUMNS FROM `product_main_image` [ RunTime:0.000563s ]
[ sql ] [ SQL ] SELECT * FROM `product_main_image` WHERE  `product_id` IN (125,127,129,141,216,218,219,220,221,222,223,224,225,226,227,229,232,272,275,278,279,280,282,589) [ RunTime:0.000929s ]
[ sql ] [ SQL ] SELECT * FROM `image` WHERE  `id` IN (1450,1451,1453,1454,1455,1458,1462,1463,1464,1465,1468,1469,1471,1729,1730,1768,1769,1770,1791,1792,1800,1806,1857,1858,2037,2038,2042,2043,2068,2069,2088,2089,2128,2129,2130,2131,2132,2133,2134,2135,2146,2147,2148,2869,3361) [ RunTime:0.000558s ]
[ sql ] [ SQL ] SHOW COLUMNS FROM `user_products` [ RunTime:0.000484s ]
[ sql ] [ SQL ] SELECT * FROM `user_products` WHERE  `user_id` = 356  AND `product_id` = 125 LIMIT 1 [ RunTime:0.000194s ]
[ sql ] [ SQL ] SELECT * FROM `user_products` WHERE  `user_id` = 356  AND `product_id` = 127 LIMIT 1 [ RunTime:0.000180s ]
[ sql ] [ SQL ] SELECT * FROM `user_products` WHERE  `user_id` = 356  AND `product_id` = 129 LIMIT 1 [ RunTime:0.000176s ]
[ sql ] [ SQL ] SELECT * FROM `user_products` WHERE  `user_id` = 356  AND `product_id` = 141 LIMIT 1 [ RunTime:0.000159s ]
[ sql ] [ SQL ] SELECT * FROM `user_products` WHERE  `user_id` = 356  AND `product_id` = 216 LIMIT 1 [ RunTime:0.000167s ]
[ sql ] [ SQL ] SELECT * FROM `user_products` WHERE  `user_id` = 356  AND `product_id` = 218 LIMIT 1 [ RunTime:0.000154s ]
[ sql ] [ SQL ] SELECT * FROM `user_products` WHERE  `user_id` = 356  AND `product_id` = 219 LIMIT 1 [ RunTime:0.000157s ]
[ sql ] [ SQL ] SELECT * FROM `user_products` WHERE  `user_id` = 356  AND `product_id` = 220 LIMIT 1 [ RunTime:0.000166s ]
[ sql ] [ SQL ] SELECT * FROM `user_products` WHERE  `user_id` = 356  AND `product_id` = 221 LIMIT 1 [ RunTime:0.000156s ]
[ sql ] [ SQL ] SELECT * FROM `user_products` WHERE  `user_id` = 356  AND `product_id` = 222 LIMIT 1 [ RunTime:0.000155s ]
[ sql ] [ SQL ] SELECT * FROM `user_products` WHERE  `user_id` = 356  AND `product_id` = 223 LIMIT 1 [ RunTime:0.000168s ]
[ sql ] [ SQL ] SELECT * FROM `user_products` WHERE  `user_id` = 356  AND `product_id` = 224 LIMIT 1 [ RunTime:0.000175s ]
[ sql ] [ SQL ] SELECT * FROM `user_products` WHERE  `user_id` = 356  AND `product_id` = 225 LIMIT 1 [ RunTime:0.000164s ]
[ sql ] [ SQL ] SELECT * FROM `user_products` WHERE  `user_id` = 356  AND `product_id` = 226 LIMIT 1 [ RunTime:0.000185s ]
[ sql ] [ SQL ] SELECT * FROM `user_products` WHERE  `user_id` = 356  AND `product_id` = 227 LIMIT 1 [ RunTime:0.000167s ]
[ sql ] [ SQL ] SELECT * FROM `user_products` WHERE  `user_id` = 356  AND `product_id` = 229 LIMIT 1 [ RunTime:0.000170s ]
[ sql ] [ SQL ] SELECT * FROM `user_products` WHERE  `user_id` = 356  AND `product_id` = 232 LIMIT 1 [ RunTime:0.000175s ]
[ sql ] [ SQL ] SELECT * FROM `user_products` WHERE  `user_id` = 356  AND `product_id` = 272 LIMIT 1 [ RunTime:0.000159s ]
[ sql ] [ SQL ] SELECT * FROM `user_products` WHERE  `user_id` = 356  AND `product_id` = 275 LIMIT 1 [ RunTime:0.000163s ]
[ sql ] [ SQL ] SELECT * FROM `user_products` WHERE  `user_id` = 356  AND `product_id` = 278 LIMIT 1 [ RunTime:0.000159s ]
[ sql ] [ SQL ] SELECT * FROM `user_products` WHERE  `user_id` = 356  AND `product_id` = 279 LIMIT 1 [ RunTime:0.000166s ]
[ sql ] [ SQL ] SELECT * FROM `user_products` WHERE  `user_id` = 356  AND `product_id` = 280 LIMIT 1 [ RunTime:0.000166s ]
[ sql ] [ SQL ] SELECT * FROM `user_products` WHERE  `user_id` = 356  AND `product_id` = 282 LIMIT 1 [ RunTime:0.000161s ]
[ sql ] [ SQL ] SELECT * FROM `user_products` WHERE  `user_id` = 356  AND `product_id` = 589 LIMIT 1 [ RunTime:0.000163s ]

---------------------------------------------------------------
[ 2020-01-27T19:39:29+08:00 ] [ sql ] [ DB ] CONNECT:[ UseTime:0.000564s ] mysql:dbname=yxadult;host=localhost;port=3306;charset=utf8
[ sql ] [ SQL ] SHOW COLUMNS FROM `store` [ RunTime:0.002290s ]
[ sql ] [ SQL ] SELECT * FROM `store` WHERE  `store`.`delete_time` IS NULL  AND `id` = 56 LIMIT 1 [ RunTime:0.000437s ]
[ sql ] [ SQL ] SELECT `storehouse_id` FROM `store` WHERE  `store`.`delete_time` IS NULL  AND `id` = 56 LIMIT 1 [ RunTime:0.000190s ]
[ sql ] [ SQL ] SHOW COLUMNS FROM `product` [ RunTime:0.000562s ]
[ sql ] [ SQL ] SELECT * FROM `product` WHERE  `product`.`delete_time` IS NULL  AND `category_id` = 10  AND `storehouse_id` = 6 [ RunTime:0.000971s ]
[ sql ] [ SQL ] SHOW COLUMNS FROM `product_image` [ RunTime:0.000487s ]
[ sql ] [ SQL ] SELECT * FROM `product_image` WHERE  `product_id` IN (164,165,167,590,591,599) [ RunTime:0.001144s ]
[ sql ] [ SQL ] SHOW COLUMNS FROM `image` [ RunTime:0.000456s ]
[ sql ] [ SQL ] SELECT * FROM `image` WHERE  `id` IN (1711,1713,1714,1715,1716,1717,3391,3392,3393,3394,3395,3396,3397,3398,3399,3400,0,3404,3405,3406,3407,3408,3409,3410,3411,3412,3413,3414,3415,3416,3417,3418,0,3419,3420,3421,3422,3423,3424,3425,0,3426,3427,0,3464,3465,3466,3467,3468,3469,3470,3562,3563,3564,3565,3566,3567) [ RunTime:0.000576s ]
[ sql ] [ SQL ] SHOW COLUMNS FROM `product_main_image` [ RunTime:0.000446s ]
[ sql ] [ SQL ] SELECT * FROM `product_main_image` WHERE  `product_id` IN (164,165,167,590,591,599) [ RunTime:0.000440s ]
[ sql ] [ SQL ] SELECT * FROM `image` WHERE  `id` IN (1710,1712,3388,3389,3390,3401,3402,3403,3461,3462,3463,3560,3561) [ RunTime:0.000247s ]
[ sql ] [ SQL ] SHOW COLUMNS FROM `user_products` [ RunTime:0.000448s ]
[ sql ] [ SQL ] SELECT * FROM `user_products` WHERE  `user_id` = 356  AND `product_id` = 164 LIMIT 1 [ RunTime:0.000211s ]
[ sql ] [ SQL ] SELECT * FROM `user_products` WHERE  `user_id` = 356  AND `product_id` = 165 LIMIT 1 [ RunTime:0.000186s ]
[ sql ] [ SQL ] SELECT * FROM `user_products` WHERE  `user_id` = 356  AND `product_id` = 167 LIMIT 1 [ RunTime:0.000166s ]
[ sql ] [ SQL ] SELECT * FROM `user_products` WHERE  `user_id` = 356  AND `product_id` = 590 LIMIT 1 [ RunTime:0.000157s ]
[ sql ] [ SQL ] SELECT * FROM `user_products` WHERE  `user_id` = 356  AND `product_id` = 591 LIMIT 1 [ RunTime:0.000167s ]
[ sql ] [ SQL ] SELECT * FROM `user_products` WHERE  `user_id` = 356  AND `product_id` = 599 LIMIT 1 [ RunTime:0.000166s ]

---------------------------------------------------------------
